c:\users\s170841\downloads\code-design-and-data-structures-master\code-design-and-data-structures-master\assignment\interprocess communication\temp\bootstrap\release\bootstrap.pdb
c:\users\s170841\downloads\code-design-and-data-structures-master\code-design-and-data-structures-master\assignment\interprocess communication\temp\bootstrap\release\texture.obj
c:\users\s170841\downloads\code-design-and-data-structures-master\code-design-and-data-structures-master\assignment\interprocess communication\temp\bootstrap\release\soundmanager.obj
c:\users\s170841\downloads\code-design-and-data-structures-master\code-design-and-data-structures-master\assignment\interprocess communication\temp\bootstrap\release\renderer2d.obj
c:\users\s170841\downloads\code-design-and-data-structures-master\code-design-and-data-structures-master\assignment\interprocess communication\temp\bootstrap\release\input.obj
c:\users\s170841\downloads\code-design-and-data-structures-master\code-design-and-data-structures-master\assignment\interprocess communication\temp\bootstrap\release\imgui_glfw3.obj
c:\users\s170841\downloads\code-design-and-data-structures-master\code-design-and-data-structures-master\assignment\interprocess communication\temp\bootstrap\release\gizmos.obj
c:\users\s170841\downloads\code-design-and-data-structures-master\code-design-and-data-structures-master\assignment\interprocess communication\temp\bootstrap\release\font.obj
c:\users\s170841\downloads\code-design-and-data-structures-master\code-design-and-data-structures-master\assignment\interprocess communication\temp\bootstrap\release\audio.obj
c:\users\s170841\downloads\code-design-and-data-structures-master\code-design-and-data-structures-master\assignment\interprocess communication\temp\bootstrap\release\application.obj
c:\users\s170841\downloads\code-design-and-data-structures-master\code-design-and-data-structures-master\assignment\interprocess communication\temp\bootstrap\release\imgui_draw.obj
c:\users\s170841\downloads\code-design-and-data-structures-master\code-design-and-data-structures-master\assignment\interprocess communication\temp\bootstrap\release\imgui.obj
c:\users\s170841\downloads\code-design-and-data-structures-master\code-design-and-data-structures-master\assignment\interprocess communication\temp\bootstrap\release\gl_core_4_4.obj
c:\users\s170841\downloads\code-design-and-data-structures-master\code-design-and-data-structures-master\assignment\interprocess communication\temp\bootstrap\release\bootstrap.lib
c:\users\s170841\downloads\code-design-and-data-structures-master\code-design-and-data-structures-master\assignment\interprocess communication\temp\bootstrap\release\bootstrap.tlog\cl.command.1.tlog
c:\users\s170841\downloads\code-design-and-data-structures-master\code-design-and-data-structures-master\assignment\interprocess communication\temp\bootstrap\release\bootstrap.tlog\cl.read.1.tlog
c:\users\s170841\downloads\code-design-and-data-structures-master\code-design-and-data-structures-master\assignment\interprocess communication\temp\bootstrap\release\bootstrap.tlog\cl.write.1.tlog
c:\users\s170841\downloads\code-design-and-data-structures-master\code-design-and-data-structures-master\assignment\interprocess communication\temp\bootstrap\release\bootstrap.tlog\lib-link.read.1.tlog
c:\users\s170841\downloads\code-design-and-data-structures-master\code-design-and-data-structures-master\assignment\interprocess communication\temp\bootstrap\release\bootstrap.tlog\lib-link.write.1.tlog
c:\users\s170841\downloads\code-design-and-data-structures-master\code-design-and-data-structures-master\assignment\interprocess communication\temp\bootstrap\release\bootstrap.tlog\lib.command.1.tlog
